<?xml version="1.0" encoding="UTF-8"?>
<!-- Generated by org.testng.reporters.JUnitReportReporter -->
<testsuite skipped="0" hostname="DESKTOP-3SC9ET4" name="com.softserve.edu.SecondTest" tests="3" failures="0" timestamp="19 фев 2018 07:34:25 GMT" time="0.027" errors="0">
  <testcase name="testMethod" time="0.002" classname="com.softserve.edu.SecondTest"/>
  <testcase name="testMethod" time="0.006" classname="com.softserve.edu.SecondTest"/>
  <testcase name="testMethod" time="0.019" classname="com.softserve.edu.SecondTest"/>
</testsuite> <!-- com.softserve.edu.SecondTest -->
