<?xml version="1.0" encoding="UTF-8"?>
<!-- Generated by org.testng.reporters.JUnitReportReporter -->
<testsuite skipped="0" hostname="DESKTOP-3SC9ET4" name="com.softserve.edu.ThirdTest" tests="3" failures="0" timestamp="19 фев 2018 07:41:01 GMT" time="0.025" errors="0">
  <testcase name="testMethod" time="0.003" classname="com.softserve.edu.ThirdTest"/>
  <testcase name="testMethod" time="0.003" classname="com.softserve.edu.ThirdTest"/>
  <testcase name="testMethod" time="0.019" classname="com.softserve.edu.ThirdTest"/>
</testsuite> <!-- com.softserve.edu.ThirdTest -->
