<?xml version="1.0" encoding="UTF-8"?>
<!-- Generated by org.testng.reporters.JUnitReportReporter -->
<testsuite skipped="0" hostname="DESKTOP-3SC9ET4" name="com.softserve.edu.FirstTest" tests="7" failures="0" timestamp="19 фев 2018 08:42:05 GMT" time="0.135" errors="0">
  <testcase name="validTest" time="0.003" classname="com.softserve.edu.FirstTest"/>
  <testcase name="calculationTest" time="0.002" classname="com.softserve.edu.FirstTest"/>
  <testcase name="calculationTest" time="0.118" classname="com.softserve.edu.FirstTest"/>
  <testcase name="calculationTest" time="0.002" classname="com.softserve.edu.FirstTest"/>
  <testcase name="validTest" time="0.002" classname="com.softserve.edu.FirstTest"/>
  <testcase name="validTest" time="0.005" classname="com.softserve.edu.FirstTest"/>
  <testcase name="calculationTest" time="0.003" classname="com.softserve.edu.FirstTest"/>
</testsuite> <!-- com.softserve.edu.FirstTest -->
